Using pre-set license
Built from '2022.3/staging' branch; Version is '2022.3.28f1 (6bae5ce6b222) revision 7056988'; Using compiler version '192829333'; Build Type 'Release'
OS: 'Windows 11  (10.0.22631) 64bit Core' Language: 'en' Physical Memory: 16183 MB
BatchMode: 1, IsHumanControllingUs: 0, StartBugReporterOnCrash: 0, Is64bit: 1, IsPro: 1

COMMAND LINE ARGUMENTS:
D:\TRECA GODINA\ISS\Editor\Unity.exe
-adb2
-batchMode
-noUpm
-name
AssetImportWorker1
-projectPath
D:/TRECA GODINA/ISS/ISS_PROJEKT/ISS/ISS_Sim
-logFile
Logs/AssetImportWorker1.log
-srvPort
50530
Successfully changed project path to: D:/TRECA GODINA/ISS/ISS_PROJEKT/ISS/ISS_Sim
D:/TRECA GODINA/ISS/ISS_PROJEKT/ISS/ISS_Sim
[UnityMemory] Configuration Parameters - Can be set up in boot.config
    "memorysetup-bucket-allocator-granularity=16"
    "memorysetup-bucket-allocator-bucket-count=8"
    "memorysetup-bucket-allocator-block-size=33554432"
    "memorysetup-bucket-allocator-block-count=8"
    "memorysetup-main-allocator-block-size=16777216"
    "memorysetup-thread-allocator-block-size=16777216"
    "memorysetup-gfx-main-allocator-block-size=16777216"
    "memorysetup-gfx-thread-allocator-block-size=16777216"
    "memorysetup-cache-allocator-block-size=4194304"
    "memorysetup-typetree-allocator-block-size=2097152"
    "memorysetup-profiler-bucket-allocator-granularity=16"
    "memorysetup-profiler-bucket-allocator-bucket-count=8"
    "memorysetup-profiler-bucket-allocator-block-size=33554432"
    "memorysetup-profiler-bucket-allocator-block-count=8"
    "memorysetup-profiler-allocator-block-size=16777216"
    "memorysetup-profiler-editor-allocator-block-size=1048576"
    "memorysetup-temp-allocator-size-main=16777216"
    "memorysetup-job-temp-allocator-block-size=2097152"
    "memorysetup-job-temp-allocator-block-size-background=1048576"
    "memorysetup-job-temp-allocator-reduction-small-platforms=262144"
    "memorysetup-allocator-temp-initial-block-size-main=262144"
    "memorysetup-allocator-temp-initial-block-size-worker=262144"
    "memorysetup-temp-allocator-size-background-worker=32768"
    "memorysetup-temp-allocator-size-job-worker=262144"
    "memorysetup-temp-allocator-size-preload-manager=33554432"
    "memorysetup-temp-allocator-size-nav-mesh-worker=65536"
    "memorysetup-temp-allocator-size-audio-worker=65536"
    "memorysetup-temp-allocator-size-cloud-worker=32768"
    "memorysetup-temp-allocator-size-gi-baking-worker=262144"
    "memorysetup-temp-allocator-size-gfx=262144"
Player connection [20220] Host "[IP] 192.168.56.1 [Port] 0 [Flags] 2 [Guid] 3793329890 [EditorId] 3793329890 [Version] 1048832 [Id] WindowsEditor(7,eni) [Debug] 1 [PackageName] WindowsEditor [ProjectName] Editor" joined multi-casting on [225.0.0.222:54997]...

Player connection [20220] Host "[IP] 192.168.56.1 [Port] 0 [Flags] 2 [Guid] 3793329890 [EditorId] 3793329890 [Version] 1048832 [Id] WindowsEditor(7,eni) [Debug] 1 [PackageName] WindowsEditor [ProjectName] Editor" joined alternative multi-casting on [225.0.0.222:34997]...

[Physics::Module] Initialized MultithreadedJobDispatcher with 7 workers.
Refreshing native plugins compatible for Editor in 13.01 ms, found 3 plugins.
Preloading 0 native plugins for Editor in 0.00 ms.
Initialize engine version: 2022.3.28f1 (6bae5ce6b222)
[Subsystems] Discovering subsystems at path D:/TRECA GODINA/ISS/Editor/Data/Resources/UnitySubsystems
[Subsystems] Discovering subsystems at path D:/TRECA GODINA/ISS/ISS_PROJEKT/ISS/ISS_Sim/Assets
GfxDevice: creating device client; threaded=0; jobified=0
Direct3D:
    Version:  Direct3D 11.0 [level 11.1]
    Renderer: Intel(R) Iris(R) Xe Graphics (ID=0x9a49)
    Vendor:   Intel
    VRAM:     8091 MB
    Driver:   27.20.100.9565
Initialize mono
Mono path[0] = 'D:/TRECA GODINA/ISS/Editor/Data/Managed'
Mono path[1] = 'D:/TRECA GODINA/ISS/Editor/Data/MonoBleedingEdge/lib/mono/unityjit-win32'
Mono config path = 'D:/TRECA GODINA/ISS/Editor/Data/MonoBleedingEdge/etc'
Using monoOptions --debugger-agent=transport=dt_socket,embedding=1,server=y,suspend=n,address=127.0.0.1:56184
Begin MonoManager ReloadAssembly
Registering precompiled unity dll's ...
Register platform support module: D:/TRECA GODINA/ISS/Editor/Data/PlaybackEngines/WindowsStandaloneSupport/UnityEditor.WindowsStandalone.Extensions.dll
Registered in 0.003245 seconds.
- Loaded All Assemblies, in  0.607 seconds
Native extension for WindowsStandalone target not found
Mono: successfully reloaded assembly
- Finished resetting the current domain, in  0.470 seconds
Domain Reload Profiling: 1076ms
	BeginReloadAssembly (178ms)
		ExecutionOrderSort (0ms)
		DisableScriptedObjects (0ms)
		BackupInstance (0ms)
		ReleaseScriptingObjects (0ms)
		CreateAndSetChildDomain (1ms)
	RebuildCommonClasses (52ms)
	RebuildNativeTypeToScriptingClass (16ms)
	initialDomainReloadingComplete (81ms)
	LoadAllAssembliesAndSetupDomain (278ms)
		LoadAssemblies (177ms)
		RebuildTransferFunctionScriptingTraits (0ms)
		AnalyzeDomain (276ms)
			TypeCache.Refresh (273ms)
				TypeCache.ScanAssembly (249ms)
			ScanForSourceGeneratedMonoScriptInfo (1ms)
			ResolveRequiredComponents (1ms)
	FinalizeReload (470ms)
		ReleaseScriptCaches (0ms)
		RebuildScriptCaches (0ms)
		SetupLoadedEditorAssemblies (372ms)
			LogAssemblyErrors (0ms)
			InitializePlatformSupportModulesInManaged (12ms)
			SetLoadedEditorAssemblies (11ms)
			RefreshPlugins (0ms)
			BeforeProcessingInitializeOnLoad (4ms)
			ProcessInitializeOnLoadAttributes (260ms)
			ProcessInitializeOnLoadMethodAttributes (85ms)
			AfterProcessingInitializeOnLoad (0ms)
			EditorAssembliesLoaded (0ms)
		ExecutionOrderSort2 (0ms)
		AwakeInstancesAfterBackupRestoration (0ms)
========================================================================
Worker process is ready to serve import requests
Begin MonoManager ReloadAssembly
- Loaded All Assemblies, in  1.268 seconds
Refreshing native plugins compatible for Editor in 3.92 ms, found 3 plugins.
Native extension for WindowsStandalone target not found
Package Manager log level set to [2]
[Package Manager] Server::EnsureServerProcessIsRunning -- launch failed, reason: Unity was launched with the -noUpm command-line argument
[Package Manager] UpmClient::Send -- Unable to send message (not connected to UPM process).
[Package Manager] Cannot connect to Unity Package Manager local server
Mono: successfully reloaded assembly
- Finished resetting the current domain, in  1.153 seconds
Domain Reload Profiling: 2422ms
	BeginReloadAssembly (225ms)
		ExecutionOrderSort (0ms)
		DisableScriptedObjects (8ms)
		BackupInstance (0ms)
		ReleaseScriptingObjects (0ms)
		CreateAndSetChildDomain (38ms)
	RebuildCommonClasses (54ms)
	RebuildNativeTypeToScriptingClass (17ms)
	initialDomainReloadingComplete (61ms)
	LoadAllAssembliesAndSetupDomain (912ms)
		LoadAssemblies (592ms)
		RebuildTransferFunctionScriptingTraits (0ms)
		AnalyzeDomain (443ms)
			TypeCache.Refresh (398ms)
				TypeCache.ScanAssembly (369ms)
			ScanForSourceGeneratedMonoScriptInfo (33ms)
			ResolveRequiredComponents (8ms)
	FinalizeReload (1154ms)
		ReleaseScriptCaches (0ms)
		RebuildScriptCaches (0ms)
		SetupLoadedEditorAssemblies (865ms)
			LogAssemblyErrors (0ms)
			InitializePlatformSupportModulesInManaged (7ms)
			SetLoadedEditorAssemblies (7ms)
			RefreshPlugins (0ms)
			BeforeProcessingInitializeOnLoad (91ms)
			ProcessInitializeOnLoadAttributes (719ms)
			ProcessInitializeOnLoadMethodAttributes (38ms)
			AfterProcessingInitializeOnLoad (3ms)
			EditorAssembliesLoaded (0ms)
		ExecutionOrderSort2 (0ms)
		AwakeInstancesAfterBackupRestoration (10ms)
Launched and connected shader compiler UnityShaderCompiler.exe after 0.06 seconds
Refreshing native plugins compatible for Editor in 3.87 ms, found 3 plugins.
Preloading 0 native plugins for Editor in 0.00 ms.
Unloading 3295 Unused Serialized files (Serialized files now loaded: 0)
Unloading 54 unused Assets / (0.6 MB). Loaded Objects now: 3770.
Memory consumption went from 148.0 MB to 147.5 MB.
Total: 6.052700 ms (FindLiveObjects: 0.569500 ms CreateObjectMapping: 1.160800 ms MarkObjects: 3.992900 ms  DeleteObjects: 0.327600 ms)

AssetImportParameters requested are different than current active one (requested -> active):
  custom:container-demuxer-ogg: 62fdf1f143b41e24485cea50d1cbac27 -> 
  custom:video-codec-MediaFoundation-h265: 746d11721c4dcdbdad8f713fa42b33f4 -> 
  custom:video-decoder-ogg-theora: a1e56fd34408186e4bbccfd4996cb3dc -> 
  custom:framework-win-MediaFoundation: 216162199b28c13a410421893ffa2e32 -> 
  custom:CustomObjectIndexerAttribute: 9a22284fe3817be447336de3de66b15e -> 
  custom:container-demuxer-webm: 4f35f7cbe854078d1ac9338744f61a02 -> 
  custom:container-muxer-webm: aa71ff27fc2769a1b78a27578f13a17b -> 
  custom:video-decoder-webm-vp8: 9c59270c3fd7afecdb556c50c9e8de78 -> 
  custom:SearchIndexIgnoredProperties: e643bd26f0fe6173181afceb89e7c659 -> 
  custom:AudioImporter_EditorPlatform: d09bf68614088b80899f8185d706f6e7 -> 
  custom:video-encoder-webm-vp8: eb34c28f22e8b96e1ab97ce403110664 -> 
  custom:audio-decoder-ogg-vorbis: bf7c407c2cedff20999df2af8eb42d56 -> 
  custom:audio-encoder-webm-vorbis: bf7c407c2cedff20999df2af8eb42d56 -> 
========================================================================
Received Import Request.
  Time since last request: 3404.049887 seconds.
  path: Assets/Terrain
  artifactKey: Guid(6efa5d4b9caecf140910b5cdb7b0754c) Importer(815301076,1909f56bfc062723c751e8b465ee728b)
Start importing Assets/Terrain using Guid(6efa5d4b9caecf140910b5cdb7b0754c) Importer(815301076,1909f56bfc062723c751e8b465ee728b)  -> (artifact id: '546e9004e904cf874703f7cc609122c5') in 0.002328 seconds
Number of updated asset objects reloaded before import = 0
Number of asset objects unloaded after import = 0
========================================================================
Received Import Request.
  Time since last request: 867.914357 seconds.
  path: Assets/DownloadedAssets/CartoonMilitaryModelPack/Textures/WarShip_Texture/AircraftCarrier_02_Texture.png
  artifactKey: Guid(0642f1160263e491faaab5577c7af320) Importer(815301076,1909f56bfc062723c751e8b465ee728b)
Start importing Assets/DownloadedAssets/CartoonMilitaryModelPack/Textures/WarShip_Texture/AircraftCarrier_02_Texture.png using Guid(0642f1160263e491faaab5577c7af320) Importer(815301076,1909f56bfc062723c751e8b465ee728b)  -> (artifact id: 'd86a1f01563b81b9537d0025d455c773') in 0.054519 seconds
Number of updated asset objects reloaded before import = 0
Number of asset objects unloaded after import = 2
========================================================================
Received Import Request.
  Time since last request: 0.795267 seconds.
  path: Assets/DownloadedAssets/CartoonMilitaryModelPack/Textures/Other_Texture/AirPlane_Field_Texture.png
  artifactKey: Guid(0a596a5752b8a4c9aafb0a71ca64918b) Importer(815301076,1909f56bfc062723c751e8b465ee728b)
Start importing Assets/DownloadedAssets/CartoonMilitaryModelPack/Textures/Other_Texture/AirPlane_Field_Texture.png using Guid(0a596a5752b8a4c9aafb0a71ca64918b) Importer(815301076,1909f56bfc062723c751e8b465ee728b)  -> (artifact id: '9b2026bef91c95cf91d5e0eaad365da2') in 0.009760 seconds
Number of updated asset objects reloaded before import = 0
Number of asset objects unloaded after import = 2
========================================================================
Received Import Request.
  Time since last request: 0.000056 seconds.
  path: Assets/DownloadedAssets/CartoonMilitaryModelPack/Textures/APC_Texture/APC_01_Texture.png
  artifactKey: Guid(c1a7a15c4a5b24b73a4ddd5373c6e5ce) Importer(815301076,1909f56bfc062723c751e8b465ee728b)
Start importing Assets/DownloadedAssets/CartoonMilitaryModelPack/Textures/APC_Texture/APC_01_Texture.png using Guid(c1a7a15c4a5b24b73a4ddd5373c6e5ce) Importer(815301076,1909f56bfc062723c751e8b465ee728b)  -> (artifact id: '2861ed63c53769ee720f1b8ed7460846') in 0.009572 seconds
Number of updated asset objects reloaded before import = 0
Number of asset objects unloaded after import = 2
========================================================================
Received Import Request.
  Time since last request: 0.000018 seconds.
  path: Assets/DownloadedAssets/CartoonMilitaryModelPack/Textures/Other_Texture/AirPlane_Field_Texture4.png
  artifactKey: Guid(2b56b2053404346f3aa0ed57cf9689a7) Importer(815301076,1909f56bfc062723c751e8b465ee728b)
Start importing Assets/DownloadedAssets/CartoonMilitaryModelPack/Textures/Other_Texture/AirPlane_Field_Texture4.png using Guid(2b56b2053404346f3aa0ed57cf9689a7) Importer(815301076,1909f56bfc062723c751e8b465ee728b)  -> (artifact id: '05af859d787be1ab41aa3daf822c3eec') in 0.019464 seconds
Number of updated asset objects reloaded before import = 0
Number of asset objects unloaded after import = 2
========================================================================
Received Import Request.
  Time since last request: 1.381552 seconds.
  path: Assets/DownloadedAssets/CartoonMilitaryModelPack/Textures/WarShip_Texture/BattleShip_01_Texture.png
  artifactKey: Guid(e2a509252d01e1e4cae5b45c65fddc81) Importer(815301076,1909f56bfc062723c751e8b465ee728b)
Start importing Assets/DownloadedAssets/CartoonMilitaryModelPack/Textures/WarShip_Texture/BattleShip_01_Texture.png using Guid(e2a509252d01e1e4cae5b45c65fddc81) Importer(815301076,1909f56bfc062723c751e8b465ee728b)  -> (artifact id: '9fe44fbc71fe6c68100cd3afc45ff37d') in 0.021873 seconds
Number of updated asset objects reloaded before import = 0
Number of asset objects unloaded after import = 2
========================================================================
Received Import Request.
  Time since last request: 2.059757 seconds.
  path: Assets/DownloadedAssets/CartoonMilitaryModelPack/Textures/CustomParts/LandingGear_Back_Texture.png
  artifactKey: Guid(d48dad0a7c47c4bc8838eb0861db0070) Importer(815301076,1909f56bfc062723c751e8b465ee728b)
Start importing Assets/DownloadedAssets/CartoonMilitaryModelPack/Textures/CustomParts/LandingGear_Back_Texture.png using Guid(d48dad0a7c47c4bc8838eb0861db0070) Importer(815301076,1909f56bfc062723c751e8b465ee728b)  -> (artifact id: 'd484660e7643b09b058a01c7ae346c18') in 0.007718 seconds
Number of updated asset objects reloaded before import = 0
Number of asset objects unloaded after import = 2
========================================================================
Received Import Request.
  Time since last request: 0.565044 seconds.
  path: Assets/DownloadedAssets/Sayantan/Props/Small/CruiseMissile/Scenes/Demo_Night_Standard/Lightmap-0_comp_dir.png
  artifactKey: Guid(4d20607b3e2d7d84e9fff93b7e8ce50b) Importer(815301076,1909f56bfc062723c751e8b465ee728b)
Start importing Assets/DownloadedAssets/Sayantan/Props/Small/CruiseMissile/Scenes/Demo_Night_Standard/Lightmap-0_comp_dir.png using Guid(4d20607b3e2d7d84e9fff93b7e8ce50b) Importer(815301076,1909f56bfc062723c751e8b465ee728b)  -> (artifact id: '6384c108c0e9281410febebe1cb99c74') in 0.019924 seconds
Number of updated asset objects reloaded before import = 0
Number of asset objects unloaded after import = 2
========================================================================
Received Import Request.
  Time since last request: 0.000155 seconds.
  path: Assets/DownloadedAssets/Sayantan/Props/Small/CruiseMissile/Scenes/Demo_Day_Standard/Lightmap-0_comp_dir.png
  artifactKey: Guid(b67cff1b52121c746a1675277a475fcc) Importer(815301076,1909f56bfc062723c751e8b465ee728b)
Start importing Assets/DownloadedAssets/Sayantan/Props/Small/CruiseMissile/Scenes/Demo_Day_Standard/Lightmap-0_comp_dir.png using Guid(b67cff1b52121c746a1675277a475fcc) Importer(815301076,1909f56bfc062723c751e8b465ee728b)  -> (artifact id: '195e7157c5cdafb6d506c6695fcec823') in 0.019346 seconds
Number of updated asset objects reloaded before import = 0
Number of asset objects unloaded after import = 2
========================================================================
Received Import Request.
  Time since last request: 10.504368 seconds.
  path: Assets/DownloadedAssets/CartoonMilitaryModelPack/Textures/WarShip_Texture/Destroyer_02_Texture.png
  artifactKey: Guid(863e4bc3af3264b2c9a52d56e0a11523) Importer(815301076,1909f56bfc062723c751e8b465ee728b)
Start importing Assets/DownloadedAssets/CartoonMilitaryModelPack/Textures/WarShip_Texture/Destroyer_02_Texture.png using Guid(863e4bc3af3264b2c9a52d56e0a11523) Importer(815301076,1909f56bfc062723c751e8b465ee728b)  -> (artifact id: 'd965a84b09dd88d027ab70f2f3b60024') in 0.011399 seconds
Number of updated asset objects reloaded before import = 0
Number of asset objects unloaded after import = 2
========================================================================
Received Import Request.
  Time since last request: 0.000026 seconds.
  path: Assets/DownloadedAssets/WW2_German_soilders/Bullet_prefabs/textures/PanzerSchreckRocket_texture.png
  artifactKey: Guid(fd8fb6da7eee9af4493c6096d4bd138e) Importer(815301076,1909f56bfc062723c751e8b465ee728b)
Start importing Assets/DownloadedAssets/WW2_German_soilders/Bullet_prefabs/textures/PanzerSchreckRocket_texture.png using Guid(fd8fb6da7eee9af4493c6096d4bd138e) Importer(815301076,1909f56bfc062723c751e8b465ee728b)  -> (artifact id: 'a1613212eda6e8ce531abe312f4f4933') in 0.018936 seconds
Number of updated asset objects reloaded before import = 0
Number of asset objects unloaded after import = 2
========================================================================
Received Import Request.
  Time since last request: 22.913538 seconds.
  path: Assets/DownloadedAssets/Sayantan/Misc/ConcIndustrial_normal.tga
  artifactKey: Guid(34d0451158d99134d8d574453e6fe9e2) Importer(815301076,1909f56bfc062723c751e8b465ee728b)
Start importing Assets/DownloadedAssets/Sayantan/Misc/ConcIndustrial_normal.tga using Guid(34d0451158d99134d8d574453e6fe9e2) Importer(815301076,1909f56bfc062723c751e8b465ee728b)  -> (artifact id: '6a1b795df80b50e242b13baa997b86f2') in 0.117277 seconds
Number of updated asset objects reloaded before import = 0
Number of asset objects unloaded after import = 2
========================================================================
Received Import Request.
  Time since last request: 31.654134 seconds.
  path: Assets/DownloadedAssets/WW2_German_soilders/Guns_prefab/Textures/MG42_texture.png
  artifactKey: Guid(d2daa883ffdc7644cb4a551d0ba8ca7f) Importer(815301076,1909f56bfc062723c751e8b465ee728b)
Start importing Assets/DownloadedAssets/WW2_German_soilders/Guns_prefab/Textures/MG42_texture.png using Guid(d2daa883ffdc7644cb4a551d0ba8ca7f) Importer(815301076,1909f56bfc062723c751e8b465ee728b)  -> (artifact id: '89c374ef0161b9d5cdc46e0e4354e724') in 0.010144 seconds
Number of updated asset objects reloaded before import = 0
Number of asset objects unloaded after import = 2
Editor requested this worker to shutdown with reason: Scaling down because of idle timeout
TcpMessagingSession - receive error: operation aborted. errorcode: 995, details: The I/O operation has been aborted because of either a thread exit or an application request.
AssetImportWorker is now disconnected from the server
Process exiting
Exiting without the bug reporter. Application will terminate with return code 0