Using pre-set license
Built from '2022.3/staging' branch; Version is '2022.3.28f1 (6bae5ce6b222) revision 7056988'; Using compiler version '192829333'; Build Type 'Release'
OS: 'Windows 11  (10.0.22631) 64bit Core' Language: 'en' Physical Memory: 16183 MB
BatchMode: 1, IsHumanControllingUs: 0, StartBugReporterOnCrash: 0, Is64bit: 1, IsPro: 1

COMMAND LINE ARGUMENTS:
D:\TRECA GODINA\ISS\Editor\Unity.exe
-adb2
-batchMode
-noUpm
-name
AssetImportWorker4
-projectPath
D:/TRECA GODINA/ISS/ISS_PROJEKT/ISS/ISS_Sim
-logFile
Logs/AssetImportWorker4.log
-srvPort
50530
Successfully changed project path to: D:/TRECA GODINA/ISS/ISS_PROJEKT/ISS/ISS_Sim
D:/TRECA GODINA/ISS/ISS_PROJEKT/ISS/ISS_Sim
[UnityMemory] Configuration Parameters - Can be set up in boot.config
    "memorysetup-bucket-allocator-granularity=16"
    "memorysetup-bucket-allocator-bucket-count=8"
    "memorysetup-bucket-allocator-block-size=33554432"
    "memorysetup-bucket-allocator-block-count=8"
    "memorysetup-main-allocator-block-size=16777216"
    "memorysetup-thread-allocator-block-size=16777216"
    "memorysetup-gfx-main-allocator-block-size=16777216"
    "memorysetup-gfx-thread-allocator-block-size=16777216"
    "memorysetup-cache-allocator-block-size=4194304"
    "memorysetup-typetree-allocator-block-size=2097152"
    "memorysetup-profiler-bucket-allocator-granularity=16"
    "memorysetup-profiler-bucket-allocator-bucket-count=8"
    "memorysetup-profiler-bucket-allocator-block-size=33554432"
    "memorysetup-profiler-bucket-allocator-block-count=8"
    "memorysetup-profiler-allocator-block-size=16777216"
    "memorysetup-profiler-editor-allocator-block-size=1048576"
    "memorysetup-temp-allocator-size-main=16777216"
    "memorysetup-job-temp-allocator-block-size=2097152"
    "memorysetup-job-temp-allocator-block-size-background=1048576"
    "memorysetup-job-temp-allocator-reduction-small-platforms=262144"
    "memorysetup-allocator-temp-initial-block-size-main=262144"
    "memorysetup-allocator-temp-initial-block-size-worker=262144"
    "memorysetup-temp-allocator-size-background-worker=32768"
    "memorysetup-temp-allocator-size-job-worker=262144"
    "memorysetup-temp-allocator-size-preload-manager=33554432"
    "memorysetup-temp-allocator-size-nav-mesh-worker=65536"
    "memorysetup-temp-allocator-size-audio-worker=65536"
    "memorysetup-temp-allocator-size-cloud-worker=32768"
    "memorysetup-temp-allocator-size-gi-baking-worker=262144"
    "memorysetup-temp-allocator-size-gfx=262144"
Player connection [17152] Host "[IP] 192.168.56.1 [Port] 0 [Flags] 2 [Guid] 1969282953 [EditorId] 1969282953 [Version] 1048832 [Id] WindowsEditor(7,eni) [Debug] 1 [PackageName] WindowsEditor [ProjectName] Editor" joined multi-casting on [225.0.0.222:54997]...

Player connection [17152] Host "[IP] 192.168.56.1 [Port] 0 [Flags] 2 [Guid] 1969282953 [EditorId] 1969282953 [Version] 1048832 [Id] WindowsEditor(7,eni) [Debug] 1 [PackageName] WindowsEditor [ProjectName] Editor" joined alternative multi-casting on [225.0.0.222:34997]...

[Physics::Module] Initialized MultithreadedJobDispatcher with 7 workers.
Refreshing native plugins compatible for Editor in 7.54 ms, found 3 plugins.
Preloading 0 native plugins for Editor in 0.00 ms.
Initialize engine version: 2022.3.28f1 (6bae5ce6b222)
[Subsystems] Discovering subsystems at path D:/TRECA GODINA/ISS/Editor/Data/Resources/UnitySubsystems
[Subsystems] Discovering subsystems at path D:/TRECA GODINA/ISS/ISS_PROJEKT/ISS/ISS_Sim/Assets
GfxDevice: creating device client; threaded=0; jobified=0
Direct3D:
    Version:  Direct3D 11.0 [level 11.1]
    Renderer: Intel(R) Iris(R) Xe Graphics (ID=0x9a49)
    Vendor:   Intel
    VRAM:     8091 MB
    Driver:   27.20.100.9565
Initialize mono
Mono path[0] = 'D:/TRECA GODINA/ISS/Editor/Data/Managed'
Mono path[1] = 'D:/TRECA GODINA/ISS/Editor/Data/MonoBleedingEdge/lib/mono/unityjit-win32'
Mono config path = 'D:/TRECA GODINA/ISS/Editor/Data/MonoBleedingEdge/etc'
Using monoOptions --debugger-agent=transport=dt_socket,embedding=1,server=y,suspend=n,address=127.0.0.1:56860
Begin MonoManager ReloadAssembly
Registering precompiled unity dll's ...
Register platform support module: D:/TRECA GODINA/ISS/Editor/Data/PlaybackEngines/WindowsStandaloneSupport/UnityEditor.WindowsStandalone.Extensions.dll
Registered in 0.002318 seconds.
- Loaded All Assemblies, in  0.343 seconds
Native extension for WindowsStandalone target not found
Mono: successfully reloaded assembly
- Finished resetting the current domain, in  0.291 seconds
Domain Reload Profiling: 634ms
	BeginReloadAssembly (106ms)
		ExecutionOrderSort (0ms)
		DisableScriptedObjects (0ms)
		BackupInstance (0ms)
		ReleaseScriptingObjects (0ms)
		CreateAndSetChildDomain (1ms)
	RebuildCommonClasses (40ms)
	RebuildNativeTypeToScriptingClass (15ms)
	initialDomainReloadingComplete (62ms)
	LoadAllAssembliesAndSetupDomain (119ms)
		LoadAssemblies (106ms)
		RebuildTransferFunctionScriptingTraits (0ms)
		AnalyzeDomain (117ms)
			TypeCache.Refresh (116ms)
				TypeCache.ScanAssembly (105ms)
			ScanForSourceGeneratedMonoScriptInfo (0ms)
			ResolveRequiredComponents (0ms)
	FinalizeReload (292ms)
		ReleaseScriptCaches (0ms)
		RebuildScriptCaches (0ms)
		SetupLoadedEditorAssemblies (231ms)
			LogAssemblyErrors (0ms)
			InitializePlatformSupportModulesInManaged (8ms)
			SetLoadedEditorAssemblies (7ms)
			RefreshPlugins (0ms)
			BeforeProcessingInitializeOnLoad (2ms)
			ProcessInitializeOnLoadAttributes (162ms)
			ProcessInitializeOnLoadMethodAttributes (52ms)
			AfterProcessingInitializeOnLoad (0ms)
			EditorAssembliesLoaded (0ms)
		ExecutionOrderSort2 (0ms)
		AwakeInstancesAfterBackupRestoration (0ms)
========================================================================
Worker process is ready to serve import requests
Begin MonoManager ReloadAssembly
- Loaded All Assemblies, in  0.571 seconds
Refreshing native plugins compatible for Editor in 2.84 ms, found 3 plugins.
Native extension for WindowsStandalone target not found
Package Manager log level set to [2]
[Package Manager] Server::EnsureServerProcessIsRunning -- launch failed, reason: Unity was launched with the -noUpm command-line argument
[Package Manager] UpmClient::Send -- Unable to send message (not connected to UPM process).
[Package Manager] Cannot connect to Unity Package Manager local server
Mono: successfully reloaded assembly
- Finished resetting the current domain, in  0.650 seconds
Domain Reload Profiling: 1221ms
	BeginReloadAssembly (136ms)
		ExecutionOrderSort (0ms)
		DisableScriptedObjects (6ms)
		BackupInstance (0ms)
		ReleaseScriptingObjects (0ms)
		CreateAndSetChildDomain (21ms)
	RebuildCommonClasses (31ms)
	RebuildNativeTypeToScriptingClass (10ms)
	initialDomainReloadingComplete (36ms)
	LoadAllAssembliesAndSetupDomain (358ms)
		LoadAssemblies (246ms)
		RebuildTransferFunctionScriptingTraits (0ms)
		AnalyzeDomain (187ms)
			TypeCache.Refresh (166ms)
				TypeCache.ScanAssembly (153ms)
			ScanForSourceGeneratedMonoScriptInfo (14ms)
			ResolveRequiredComponents (5ms)
	FinalizeReload (650ms)
		ReleaseScriptCaches (0ms)
		RebuildScriptCaches (0ms)
		SetupLoadedEditorAssemblies (492ms)
			LogAssemblyErrors (0ms)
			InitializePlatformSupportModulesInManaged (4ms)
			SetLoadedEditorAssemblies (5ms)
			RefreshPlugins (0ms)
			BeforeProcessingInitializeOnLoad (64ms)
			ProcessInitializeOnLoadAttributes (400ms)
			ProcessInitializeOnLoadMethodAttributes (18ms)
			AfterProcessingInitializeOnLoad (1ms)
			EditorAssembliesLoaded (0ms)
		ExecutionOrderSort2 (0ms)
		AwakeInstancesAfterBackupRestoration (5ms)
Launched and connected shader compiler UnityShaderCompiler.exe after 0.05 seconds
Refreshing native plugins compatible for Editor in 1.99 ms, found 3 plugins.
Preloading 0 native plugins for Editor in 0.00 ms.
Unloading 3295 Unused Serialized files (Serialized files now loaded: 0)
Unloading 54 unused Assets / (0.6 MB). Loaded Objects now: 3771.
Memory consumption went from 147.9 MB to 147.3 MB.
Total: 3.673500 ms (FindLiveObjects: 0.262100 ms CreateObjectMapping: 0.116100 ms MarkObjects: 3.081400 ms  DeleteObjects: 0.212200 ms)

AssetImportParameters requested are different than current active one (requested -> active):
  custom:container-demuxer-ogg: 62fdf1f143b41e24485cea50d1cbac27 -> 
  custom:video-codec-MediaFoundation-h265: 746d11721c4dcdbdad8f713fa42b33f4 -> 
  custom:video-decoder-ogg-theora: a1e56fd34408186e4bbccfd4996cb3dc -> 
  custom:framework-win-MediaFoundation: 216162199b28c13a410421893ffa2e32 -> 
  custom:CustomObjectIndexerAttribute: 9a22284fe3817be447336de3de66b15e -> 
  custom:container-demuxer-webm: 4f35f7cbe854078d1ac9338744f61a02 -> 
  custom:container-muxer-webm: aa71ff27fc2769a1b78a27578f13a17b -> 
  custom:video-decoder-webm-vp8: 9c59270c3fd7afecdb556c50c9e8de78 -> 
  custom:SearchIndexIgnoredProperties: e643bd26f0fe6173181afceb89e7c659 -> 
  custom:AudioImporter_EditorPlatform: d09bf68614088b80899f8185d706f6e7 -> 
  custom:video-encoder-webm-vp8: eb34c28f22e8b96e1ab97ce403110664 -> 
  custom:audio-decoder-ogg-vorbis: bf7c407c2cedff20999df2af8eb42d56 -> 
  custom:audio-encoder-webm-vorbis: bf7c407c2cedff20999df2af8eb42d56 -> 
========================================================================
Received Import Request.
  Time since last request: 4448.485772 seconds.
  path: Assets/DownloadedAssets/WW2_German_soilders/Demo_scene/Test_stuff_for_the_scene/wood.png
  artifactKey: Guid(e3d2275fe22cbe746a1dc2c727fa0bfa) Importer(815301076,1909f56bfc062723c751e8b465ee728b)
Start importing Assets/DownloadedAssets/WW2_German_soilders/Demo_scene/Test_stuff_for_the_scene/wood.png using Guid(e3d2275fe22cbe746a1dc2c727fa0bfa) Importer(815301076,1909f56bfc062723c751e8b465ee728b)  -> (artifact id: 'ba57e8fc6d381750d34766bbc34bec90') in 0.055482 seconds
Number of updated asset objects reloaded before import = 0
Number of asset objects unloaded after import = 2
========================================================================
Received Import Request.
  Time since last request: 0.527436 seconds.
  path: Assets/DownloadedAssets/WW2_German_soilders/Soilders/FBX_soilders/Wehrmacht_C/textures/Wehrmacht_C_jacket.png
  artifactKey: Guid(52007d46485262c4782930489e00e6a1) Importer(815301076,1909f56bfc062723c751e8b465ee728b)
Start importing Assets/DownloadedAssets/WW2_German_soilders/Soilders/FBX_soilders/Wehrmacht_C/textures/Wehrmacht_C_jacket.png using Guid(52007d46485262c4782930489e00e6a1) Importer(815301076,1909f56bfc062723c751e8b465ee728b)  -> (artifact id: '5d1de84533027a48e4add3f754e637d5') in 0.007652 seconds
Number of updated asset objects reloaded before import = 0
Number of asset objects unloaded after import = 2
========================================================================
Received Import Request.
  Time since last request: 0.123947 seconds.
  path: Assets/DownloadedAssets/WW2_German_soilders/Soilders/FBX_soilders/Wehrmacht_B/textures/Wehrmacht_B_jacket.png
  artifactKey: Guid(e263c6cdd0a553141917996f84271e02) Importer(815301076,1909f56bfc062723c751e8b465ee728b)
Start importing Assets/DownloadedAssets/WW2_German_soilders/Soilders/FBX_soilders/Wehrmacht_B/textures/Wehrmacht_B_jacket.png using Guid(e263c6cdd0a553141917996f84271e02) Importer(815301076,1909f56bfc062723c751e8b465ee728b)  -> (artifact id: '6710a09f89024bee46a89f86c7eb6be8') in 0.009466 seconds
Number of updated asset objects reloaded before import = 0
Number of asset objects unloaded after import = 2
========================================================================
Received Import Request.
  Time since last request: 0.679989 seconds.
  path: Assets/DownloadedAssets/WW2_German_soilders/Soilders/FBX_soilders/Wehrmacht_B/textures/Wehrmacht_A_skin.png
  artifactKey: Guid(20c9f82e83cb4c5488feb572ff08e190) Importer(815301076,1909f56bfc062723c751e8b465ee728b)
Start importing Assets/DownloadedAssets/WW2_German_soilders/Soilders/FBX_soilders/Wehrmacht_B/textures/Wehrmacht_A_skin.png using Guid(20c9f82e83cb4c5488feb572ff08e190) Importer(815301076,1909f56bfc062723c751e8b465ee728b)  -> (artifact id: '5d9651d2b682cb56647256cef634aeaa') in 0.010503 seconds
Number of updated asset objects reloaded before import = 0
Number of asset objects unloaded after import = 2
========================================================================
Received Import Request.
  Time since last request: 1.853846 seconds.
  path: Assets/DownloadedAssets/CartoonMilitaryModelPack/Textures/Building_Texture/VehicleHangar_03_Texture.png
  artifactKey: Guid(273a294952887443b869727809103a3e) Importer(815301076,1909f56bfc062723c751e8b465ee728b)
Start importing Assets/DownloadedAssets/CartoonMilitaryModelPack/Textures/Building_Texture/VehicleHangar_03_Texture.png using Guid(273a294952887443b869727809103a3e) Importer(815301076,1909f56bfc062723c751e8b465ee728b)  -> (artifact id: '3dd4ec3691bd6286e84caa7e7cdf1d46') in 0.012071 seconds
Number of updated asset objects reloaded before import = 0
Number of asset objects unloaded after import = 2
========================================================================
Received Import Request.
  Time since last request: 0.001019 seconds.
  path: Assets/DownloadedAssets/CartoonMilitaryModelPack/Textures/Building_Texture/VehicleHangar_01_Texture.png
  artifactKey: Guid(4760ac82d0dd54dbc8c52f3501dc8dab) Importer(815301076,1909f56bfc062723c751e8b465ee728b)
Start importing Assets/DownloadedAssets/CartoonMilitaryModelPack/Textures/Building_Texture/VehicleHangar_01_Texture.png using Guid(4760ac82d0dd54dbc8c52f3501dc8dab) Importer(815301076,1909f56bfc062723c751e8b465ee728b)  -> (artifact id: 'c6330f000db16c6844df5b537437b1bc') in 0.010601 seconds
Number of updated asset objects reloaded before import = 0
Number of asset objects unloaded after import = 2
========================================================================
Received Import Request.
  Time since last request: 0.332737 seconds.
  path: Assets/DownloadedAssets/CartoonMilitaryModelPack/Textures/CustomParts/Turret_13_Texture.png
  artifactKey: Guid(8a50cc240b299284eadb22febca67969) Importer(815301076,1909f56bfc062723c751e8b465ee728b)
Start importing Assets/DownloadedAssets/CartoonMilitaryModelPack/Textures/CustomParts/Turret_13_Texture.png using Guid(8a50cc240b299284eadb22febca67969) Importer(815301076,1909f56bfc062723c751e8b465ee728b)  -> (artifact id: '55508361d714eb1a1d1a6ef33b6f8fad') in 0.020233 seconds
Number of updated asset objects reloaded before import = 0
Number of asset objects unloaded after import = 2
========================================================================
Received Import Request.
  Time since last request: 0.045998 seconds.
  path: Assets/DownloadedAssets/CartoonMilitaryModelPack/Textures/CustomParts/Turret_11_Texture.png
  artifactKey: Guid(eee3ae00308ed47f8ba3d589cca510f8) Importer(815301076,1909f56bfc062723c751e8b465ee728b)
Start importing Assets/DownloadedAssets/CartoonMilitaryModelPack/Textures/CustomParts/Turret_11_Texture.png using Guid(eee3ae00308ed47f8ba3d589cca510f8) Importer(815301076,1909f56bfc062723c751e8b465ee728b)  -> (artifact id: '42743c5f753f269140bcaa0a7112b257') in 0.018746 seconds
Number of updated asset objects reloaded before import = 0
Number of asset objects unloaded after import = 2
========================================================================
Received Import Request.
  Time since last request: 2.270244 seconds.
  path: Assets/DownloadedAssets/CartoonMilitaryModelPack/Textures/CustomParts/Turret_08_Texture.png
  artifactKey: Guid(2f3e57e15f08c447eba86d029bcbc3fd) Importer(815301076,1909f56bfc062723c751e8b465ee728b)
Start importing Assets/DownloadedAssets/CartoonMilitaryModelPack/Textures/CustomParts/Turret_08_Texture.png using Guid(2f3e57e15f08c447eba86d029bcbc3fd) Importer(815301076,1909f56bfc062723c751e8b465ee728b)  -> (artifact id: 'b9c54b56da1cedb26d3aa31f314fcc0b') in 0.010679 seconds
Number of updated asset objects reloaded before import = 0
Number of asset objects unloaded after import = 2
========================================================================
Received Import Request.
  Time since last request: 0.297229 seconds.
  path: Assets/DownloadedAssets/CartoonMilitaryModelPack/Textures/CustomParts/Turret_06_Texture.png
  artifactKey: Guid(f64194df9012f4d0499a0f47b2c483a5) Importer(815301076,1909f56bfc062723c751e8b465ee728b)
Start importing Assets/DownloadedAssets/CartoonMilitaryModelPack/Textures/CustomParts/Turret_06_Texture.png using Guid(f64194df9012f4d0499a0f47b2c483a5) Importer(815301076,1909f56bfc062723c751e8b465ee728b)  -> (artifact id: '6ea922803da92b0fe07ab6b843902932') in 0.007888 seconds
Number of updated asset objects reloaded before import = 0
Number of asset objects unloaded after import = 2
========================================================================
Received Import Request.
  Time since last request: 0.033108 seconds.
  path: Assets/DownloadedAssets/CartoonMilitaryModelPack/Textures/CustomParts/Turret_04_Texture.png
  artifactKey: Guid(91c087108f071479c88f9a096672173d) Importer(815301076,1909f56bfc062723c751e8b465ee728b)
Start importing Assets/DownloadedAssets/CartoonMilitaryModelPack/Textures/CustomParts/Turret_04_Texture.png using Guid(91c087108f071479c88f9a096672173d) Importer(815301076,1909f56bfc062723c751e8b465ee728b)  -> (artifact id: '35f78e8d574134303f759ae7ac65d26a') in 0.008807 seconds
Number of updated asset objects reloaded before import = 0
Number of asset objects unloaded after import = 2
========================================================================
Received Import Request.
  Time since last request: 0.237013 seconds.
  path: Assets/DownloadedAssets/WW2_German_soilders/Soilders/FBX_soilders/Wehrmacht_C/textures/Throusers_Wehrmacht_C.png
  artifactKey: Guid(fd585da73c6f12e42ace3972a11fa052) Importer(815301076,1909f56bfc062723c751e8b465ee728b)
Start importing Assets/DownloadedAssets/WW2_German_soilders/Soilders/FBX_soilders/Wehrmacht_C/textures/Throusers_Wehrmacht_C.png using Guid(fd585da73c6f12e42ace3972a11fa052) Importer(815301076,1909f56bfc062723c751e8b465ee728b)  -> (artifact id: '6845f80e06e20e5dc86879ac9010d011') in 0.013303 seconds
Number of updated asset objects reloaded before import = 0
Number of asset objects unloaded after import = 2
========================================================================
Received Import Request.
  Time since last request: 0.592655 seconds.
  path: Assets/DownloadedAssets/WW2_German_soilders/Soilders/FBX_soilders/Wehrmacht_B/textures/Throusers_Wehrmacht_A.png
  artifactKey: Guid(fb4e6b0d316973c46bce5bafd54ca6c8) Importer(815301076,1909f56bfc062723c751e8b465ee728b)
Start importing Assets/DownloadedAssets/WW2_German_soilders/Soilders/FBX_soilders/Wehrmacht_B/textures/Throusers_Wehrmacht_A.png using Guid(fb4e6b0d316973c46bce5bafd54ca6c8) Importer(815301076,1909f56bfc062723c751e8b465ee728b)  -> (artifact id: '2ee29fd57e4eea8fccc90c692df790a0') in 0.008021 seconds
Number of updated asset objects reloaded before import = 0
Number of asset objects unloaded after import = 2
========================================================================
Received Import Request.
  Time since last request: 0.036701 seconds.
  path: Assets/DownloadedAssets/WW2_German_soilders/Demo_scene/Test_stuff_for_the_scene/Test_terrain.png
  artifactKey: Guid(ad381f2e4d0bc494c8ff0c4fb0609968) Importer(815301076,1909f56bfc062723c751e8b465ee728b)
Start importing Assets/DownloadedAssets/WW2_German_soilders/Demo_scene/Test_stuff_for_the_scene/Test_terrain.png using Guid(ad381f2e4d0bc494c8ff0c4fb0609968) Importer(815301076,1909f56bfc062723c751e8b465ee728b)  -> (artifact id: '9003a2337eba7946d1da665c98426474') in 0.015838 seconds
Number of updated asset objects reloaded before import = 0
Number of asset objects unloaded after import = 2
========================================================================
Received Import Request.
  Time since last request: 0.271324 seconds.
  path: Assets/DownloadedAssets/CartoonMilitaryModelPack/Textures/Tank_Texture/Tank_04_Texture.png
  artifactKey: Guid(8dc5787aeb9e94d3abab79d83eef2488) Importer(815301076,1909f56bfc062723c751e8b465ee728b)
Start importing Assets/DownloadedAssets/CartoonMilitaryModelPack/Textures/Tank_Texture/Tank_04_Texture.png using Guid(8dc5787aeb9e94d3abab79d83eef2488) Importer(815301076,1909f56bfc062723c751e8b465ee728b)  -> (artifact id: 'c878220da3d599a395c9d90afce5bcb2') in 0.007666 seconds
Number of updated asset objects reloaded before import = 0
Number of asset objects unloaded after import = 2
========================================================================
Received Import Request.
  Time since last request: 0.721577 seconds.
  path: Assets/DownloadedAssets/CartoonMilitaryModelPack/Textures/Tank_Texture/Tank_02_Texture.png
  artifactKey: Guid(d164acb8e84de4b2180edb2ba7d43928) Importer(815301076,1909f56bfc062723c751e8b465ee728b)
Start importing Assets/DownloadedAssets/CartoonMilitaryModelPack/Textures/Tank_Texture/Tank_02_Texture.png using Guid(d164acb8e84de4b2180edb2ba7d43928) Importer(815301076,1909f56bfc062723c751e8b465ee728b)  -> (artifact id: '044dd2729123bd168ba4c9a9588bb53a') in 0.010021 seconds
Number of updated asset objects reloaded before import = 0
Number of asset objects unloaded after import = 2
