Using pre-set license
Built from '2022.3/staging' branch; Version is '2022.3.28f1 (6bae5ce6b222) revision 7056988'; Using compiler version '192829333'; Build Type 'Release'
OS: 'Windows 11  (10.0.22631) 64bit Core' Language: 'en' Physical Memory: 16183 MB
BatchMode: 1, IsHumanControllingUs: 0, StartBugReporterOnCrash: 0, Is64bit: 1, IsPro: 1

COMMAND LINE ARGUMENTS:
D:\TRECA GODINA\ISS\Editor\Unity.exe
-adb2
-batchMode
-noUpm
-name
AssetImportWorker2
-projectPath
D:/TRECA GODINA/ISS/ISS_PROJEKT/ISS/ISS_Sim
-logFile
Logs/AssetImportWorker2.log
-srvPort
50530
Successfully changed project path to: D:/TRECA GODINA/ISS/ISS_PROJEKT/ISS/ISS_Sim
D:/TRECA GODINA/ISS/ISS_PROJEKT/ISS/ISS_Sim
[UnityMemory] Configuration Parameters - Can be set up in boot.config
    "memorysetup-bucket-allocator-granularity=16"
    "memorysetup-bucket-allocator-bucket-count=8"
    "memorysetup-bucket-allocator-block-size=33554432"
    "memorysetup-bucket-allocator-block-count=8"
    "memorysetup-main-allocator-block-size=16777216"
    "memorysetup-thread-allocator-block-size=16777216"
    "memorysetup-gfx-main-allocator-block-size=16777216"
    "memorysetup-gfx-thread-allocator-block-size=16777216"
    "memorysetup-cache-allocator-block-size=4194304"
    "memorysetup-typetree-allocator-block-size=2097152"
    "memorysetup-profiler-bucket-allocator-granularity=16"
    "memorysetup-profiler-bucket-allocator-bucket-count=8"
    "memorysetup-profiler-bucket-allocator-block-size=33554432"
    "memorysetup-profiler-bucket-allocator-block-count=8"
    "memorysetup-profiler-allocator-block-size=16777216"
    "memorysetup-profiler-editor-allocator-block-size=1048576"
    "memorysetup-temp-allocator-size-main=16777216"
    "memorysetup-job-temp-allocator-block-size=2097152"
    "memorysetup-job-temp-allocator-block-size-background=1048576"
    "memorysetup-job-temp-allocator-reduction-small-platforms=262144"
    "memorysetup-allocator-temp-initial-block-size-main=262144"
    "memorysetup-allocator-temp-initial-block-size-worker=262144"
    "memorysetup-temp-allocator-size-background-worker=32768"
    "memorysetup-temp-allocator-size-job-worker=262144"
    "memorysetup-temp-allocator-size-preload-manager=33554432"
    "memorysetup-temp-allocator-size-nav-mesh-worker=65536"
    "memorysetup-temp-allocator-size-audio-worker=65536"
    "memorysetup-temp-allocator-size-cloud-worker=32768"
    "memorysetup-temp-allocator-size-gi-baking-worker=262144"
    "memorysetup-temp-allocator-size-gfx=262144"
Player connection [14944] Host "[IP] 192.168.56.1 [Port] 0 [Flags] 2 [Guid] 3716450414 [EditorId] 3716450414 [Version] 1048832 [Id] WindowsEditor(7,eni) [Debug] 1 [PackageName] WindowsEditor [ProjectName] Editor" joined multi-casting on [225.0.0.222:54997]...

Player connection [14944] Host "[IP] 192.168.56.1 [Port] 0 [Flags] 2 [Guid] 3716450414 [EditorId] 3716450414 [Version] 1048832 [Id] WindowsEditor(7,eni) [Debug] 1 [PackageName] WindowsEditor [ProjectName] Editor" joined alternative multi-casting on [225.0.0.222:34997]...

[Physics::Module] Initialized MultithreadedJobDispatcher with 7 workers.
Refreshing native plugins compatible for Editor in 5.19 ms, found 3 plugins.
Preloading 0 native plugins for Editor in 0.00 ms.
Initialize engine version: 2022.3.28f1 (6bae5ce6b222)
[Subsystems] Discovering subsystems at path D:/TRECA GODINA/ISS/Editor/Data/Resources/UnitySubsystems
[Subsystems] Discovering subsystems at path D:/TRECA GODINA/ISS/ISS_PROJEKT/ISS/ISS_Sim/Assets
GfxDevice: creating device client; threaded=0; jobified=0
Direct3D:
    Version:  Direct3D 11.0 [level 11.1]
    Renderer: Intel(R) Iris(R) Xe Graphics (ID=0x9a49)
    Vendor:   Intel
    VRAM:     8091 MB
    Driver:   27.20.100.9565
Initialize mono
Mono path[0] = 'D:/TRECA GODINA/ISS/Editor/Data/Managed'
Mono path[1] = 'D:/TRECA GODINA/ISS/Editor/Data/MonoBleedingEdge/lib/mono/unityjit-win32'
Mono config path = 'D:/TRECA GODINA/ISS/Editor/Data/MonoBleedingEdge/etc'
Using monoOptions --debugger-agent=transport=dt_socket,embedding=1,server=y,suspend=n,address=127.0.0.1:56856
Begin MonoManager ReloadAssembly
Registering precompiled unity dll's ...
Register platform support module: D:/TRECA GODINA/ISS/Editor/Data/PlaybackEngines/WindowsStandaloneSupport/UnityEditor.WindowsStandalone.Extensions.dll
Registered in 0.002977 seconds.
- Loaded All Assemblies, in  0.368 seconds
Native extension for WindowsStandalone target not found
Mono: successfully reloaded assembly
- Finished resetting the current domain, in  0.275 seconds
Domain Reload Profiling: 643ms
	BeginReloadAssembly (108ms)
		ExecutionOrderSort (0ms)
		DisableScriptedObjects (0ms)
		BackupInstance (0ms)
		ReleaseScriptingObjects (0ms)
		CreateAndSetChildDomain (1ms)
	RebuildCommonClasses (45ms)
	RebuildNativeTypeToScriptingClass (25ms)
	initialDomainReloadingComplete (54ms)
	LoadAllAssembliesAndSetupDomain (135ms)
		LoadAssemblies (107ms)
		RebuildTransferFunctionScriptingTraits (0ms)
		AnalyzeDomain (134ms)
			TypeCache.Refresh (132ms)
				TypeCache.ScanAssembly (117ms)
			ScanForSourceGeneratedMonoScriptInfo (0ms)
			ResolveRequiredComponents (1ms)
	FinalizeReload (275ms)
		ReleaseScriptCaches (0ms)
		RebuildScriptCaches (0ms)
		SetupLoadedEditorAssemblies (222ms)
			LogAssemblyErrors (0ms)
			InitializePlatformSupportModulesInManaged (9ms)
			SetLoadedEditorAssemblies (9ms)
			RefreshPlugins (0ms)
			BeforeProcessingInitializeOnLoad (2ms)
			ProcessInitializeOnLoadAttributes (158ms)
			ProcessInitializeOnLoadMethodAttributes (44ms)
			AfterProcessingInitializeOnLoad (0ms)
			EditorAssembliesLoaded (0ms)
		ExecutionOrderSort2 (0ms)
		AwakeInstancesAfterBackupRestoration (0ms)
========================================================================
Worker process is ready to serve import requests
Begin MonoManager ReloadAssembly
- Loaded All Assemblies, in  0.600 seconds
Refreshing native plugins compatible for Editor in 2.03 ms, found 3 plugins.
Native extension for WindowsStandalone target not found
Package Manager log level set to [2]
[Package Manager] Server::EnsureServerProcessIsRunning -- launch failed, reason: Unity was launched with the -noUpm command-line argument
[Package Manager] UpmClient::Send -- Unable to send message (not connected to UPM process).
[Package Manager] Cannot connect to Unity Package Manager local server
Mono: successfully reloaded assembly
- Finished resetting the current domain, in  0.610 seconds
Domain Reload Profiling: 1210ms
	BeginReloadAssembly (138ms)
		ExecutionOrderSort (0ms)
		DisableScriptedObjects (6ms)
		BackupInstance (0ms)
		ReleaseScriptingObjects (0ms)
		CreateAndSetChildDomain (19ms)
	RebuildCommonClasses (37ms)
	RebuildNativeTypeToScriptingClass (10ms)
	initialDomainReloadingComplete (32ms)
	LoadAllAssembliesAndSetupDomain (383ms)
		LoadAssemblies (274ms)
		RebuildTransferFunctionScriptingTraits (0ms)
		AnalyzeDomain (187ms)
			TypeCache.Refresh (167ms)
				TypeCache.ScanAssembly (152ms)
			ScanForSourceGeneratedMonoScriptInfo (14ms)
			ResolveRequiredComponents (4ms)
	FinalizeReload (610ms)
		ReleaseScriptCaches (0ms)
		RebuildScriptCaches (0ms)
		SetupLoadedEditorAssemblies (465ms)
			LogAssemblyErrors (0ms)
			InitializePlatformSupportModulesInManaged (4ms)
			SetLoadedEditorAssemblies (4ms)
			RefreshPlugins (0ms)
			BeforeProcessingInitializeOnLoad (58ms)
			ProcessInitializeOnLoadAttributes (372ms)
			ProcessInitializeOnLoadMethodAttributes (23ms)
			AfterProcessingInitializeOnLoad (3ms)
			EditorAssembliesLoaded (0ms)
		ExecutionOrderSort2 (0ms)
		AwakeInstancesAfterBackupRestoration (9ms)
Launched and connected shader compiler UnityShaderCompiler.exe after 0.04 seconds
Refreshing native plugins compatible for Editor in 1.73 ms, found 3 plugins.
Preloading 0 native plugins for Editor in 0.00 ms.
Unloading 3295 Unused Serialized files (Serialized files now loaded: 0)
Unloading 54 unused Assets / (0.6 MB). Loaded Objects now: 3771.
Memory consumption went from 147.5 MB to 146.9 MB.
Total: 2.813400 ms (FindLiveObjects: 0.249000 ms CreateObjectMapping: 0.097500 ms MarkObjects: 2.269200 ms  DeleteObjects: 0.196500 ms)

AssetImportParameters requested are different than current active one (requested -> active):
  custom:container-demuxer-ogg: 62fdf1f143b41e24485cea50d1cbac27 -> 
  custom:video-codec-MediaFoundation-h265: 746d11721c4dcdbdad8f713fa42b33f4 -> 
  custom:video-decoder-ogg-theora: a1e56fd34408186e4bbccfd4996cb3dc -> 
  custom:framework-win-MediaFoundation: 216162199b28c13a410421893ffa2e32 -> 
  custom:CustomObjectIndexerAttribute: 9a22284fe3817be447336de3de66b15e -> 
  custom:container-demuxer-webm: 4f35f7cbe854078d1ac9338744f61a02 -> 
  custom:container-muxer-webm: aa71ff27fc2769a1b78a27578f13a17b -> 
  custom:video-decoder-webm-vp8: 9c59270c3fd7afecdb556c50c9e8de78 -> 
  custom:SearchIndexIgnoredProperties: e643bd26f0fe6173181afceb89e7c659 -> 
  custom:AudioImporter_EditorPlatform: d09bf68614088b80899f8185d706f6e7 -> 
  custom:video-encoder-webm-vp8: eb34c28f22e8b96e1ab97ce403110664 -> 
  custom:audio-decoder-ogg-vorbis: bf7c407c2cedff20999df2af8eb42d56 -> 
  custom:audio-encoder-webm-vorbis: bf7c407c2cedff20999df2af8eb42d56 -> 
========================================================================
Received Import Request.
  Time since last request: 4276.326583 seconds.
  path: Assets/DownloadedAssets/CartoonMilitaryModelPack/Textures/Building_Texture/GuardPoint_02_Texture.png
  artifactKey: Guid(d736d12d19a5f461d9121b673b6c6a0b) Importer(815301076,1909f56bfc062723c751e8b465ee728b)
Start importing Assets/DownloadedAssets/CartoonMilitaryModelPack/Textures/Building_Texture/GuardPoint_02_Texture.png using Guid(d736d12d19a5f461d9121b673b6c6a0b) Importer(815301076,1909f56bfc062723c751e8b465ee728b)  -> (artifact id: '3560921b5654b8c0ed9d3f2196d0499a') in 0.047471 seconds
Number of updated asset objects reloaded before import = 0
Number of asset objects unloaded after import = 2
========================================================================
Received Import Request.
  Time since last request: 0.528093 seconds.
  path: Assets/DownloadedAssets/Sayantan/Props/Small/CruiseMissile/Scenes/Demo_Night_Standard/Lightmap-0_comp_light.exr
  artifactKey: Guid(fa6ff3d5d5d9c8a43a48d0405a978819) Importer(815301076,1909f56bfc062723c751e8b465ee728b)
Start importing Assets/DownloadedAssets/Sayantan/Props/Small/CruiseMissile/Scenes/Demo_Night_Standard/Lightmap-0_comp_light.exr using Guid(fa6ff3d5d5d9c8a43a48d0405a978819) Importer(815301076,1909f56bfc062723c751e8b465ee728b)  -> (artifact id: 'f8570221112055a99d6e426e92427cb3') in 0.133112 seconds
Number of updated asset objects reloaded before import = 0
Number of asset objects unloaded after import = 2
========================================================================
Received Import Request.
  Time since last request: 4.900222 seconds.
  path: Assets/DownloadedAssets/CartoonMilitaryModelPack/Textures/Building_Texture/GuardPoint_01_Texture.png
  artifactKey: Guid(4386aec4f589842119ae46f1f57a1daa) Importer(815301076,1909f56bfc062723c751e8b465ee728b)
Start importing Assets/DownloadedAssets/CartoonMilitaryModelPack/Textures/Building_Texture/GuardPoint_01_Texture.png using Guid(4386aec4f589842119ae46f1f57a1daa) Importer(815301076,1909f56bfc062723c751e8b465ee728b)  -> (artifact id: '4cead3e79879bcc7dc535c81581ad9d7') in 0.014686 seconds
Number of updated asset objects reloaded before import = 0
Number of asset objects unloaded after import = 2
========================================================================
Received Import Request.
  Time since last request: 5.490661 seconds.
  path: Assets/DownloadedAssets/CartoonMilitaryModelPack/Textures/Building_Texture/ControlTower_Texture.png
  artifactKey: Guid(8654a8c773be347a9998fffe0e25b5e9) Importer(815301076,1909f56bfc062723c751e8b465ee728b)
Start importing Assets/DownloadedAssets/CartoonMilitaryModelPack/Textures/Building_Texture/ControlTower_Texture.png using Guid(8654a8c773be347a9998fffe0e25b5e9) Importer(815301076,1909f56bfc062723c751e8b465ee728b)  -> (artifact id: 'e58f012bc77d7b1ac44d6dea2be67ed9') in 0.008838 seconds
Number of updated asset objects reloaded before import = 0
Number of asset objects unloaded after import = 2
========================================================================
Received Import Request.
  Time since last request: 0.000022 seconds.
  path: Assets/DownloadedAssets/Sayantan/Props/Small/CruiseMissile/Scenes/Demo_Night_Standard/ReflectionProbe-0.exr
  artifactKey: Guid(e8b53d0f2d30ede4bb5eaf201cdb2677) Importer(815301076,1909f56bfc062723c751e8b465ee728b)
Start importing Assets/DownloadedAssets/Sayantan/Props/Small/CruiseMissile/Scenes/Demo_Night_Standard/ReflectionProbe-0.exr using Guid(e8b53d0f2d30ede4bb5eaf201cdb2677) Importer(815301076,1909f56bfc062723c751e8b465ee728b)  -> (artifact id: 'e958e27810394a332b342c2bd35165eb') in 0.071429 seconds
Number of updated asset objects reloaded before import = 0
Number of asset objects unloaded after import = 1
========================================================================
Received Import Request.
  Time since last request: 22.862764 seconds.
  path: Assets/DownloadedAssets/Sayantan/Misc/ConcIndustrial_basecolor.tga
  artifactKey: Guid(6ed256ad0777d6d4ba68a9ca5a3a4037) Importer(815301076,1909f56bfc062723c751e8b465ee728b)
Start importing Assets/DownloadedAssets/Sayantan/Misc/ConcIndustrial_basecolor.tga using Guid(6ed256ad0777d6d4ba68a9ca5a3a4037) Importer(815301076,1909f56bfc062723c751e8b465ee728b)  -> (artifact id: '2d9c13c1c54460f7b52c04b2e3459c55') in 0.028169 seconds
Number of updated asset objects reloaded before import = 0
Number of asset objects unloaded after import = 2
========================================================================
Received Import Request.
  Time since last request: 15.989046 seconds.
  path: Assets/DownloadedAssets/CartoonMilitaryModelPack/Textures/Bomber_Texture/Bomber_01_Texture.png
  artifactKey: Guid(c3e23ea91b02449579db72b53ad00152) Importer(815301076,1909f56bfc062723c751e8b465ee728b)
Start importing Assets/DownloadedAssets/CartoonMilitaryModelPack/Textures/Bomber_Texture/Bomber_01_Texture.png using Guid(c3e23ea91b02449579db72b53ad00152) Importer(815301076,1909f56bfc062723c751e8b465ee728b)  -> (artifact id: '520e0c4d0d08a1335dd8a1c16bfdd023') in 0.014513 seconds
Number of updated asset objects reloaded before import = 0
Number of asset objects unloaded after import = 2
========================================================================
Received Import Request.
  Time since last request: 0.035900 seconds.
  path: Assets/DownloadedAssets/CartoonMilitaryModelPack/Textures/Bomber_Texture/Bomber_03_Texture.png
  artifactKey: Guid(0682574a191dc47bf9c539ee10b01685) Importer(815301076,1909f56bfc062723c751e8b465ee728b)
Start importing Assets/DownloadedAssets/CartoonMilitaryModelPack/Textures/Bomber_Texture/Bomber_03_Texture.png using Guid(0682574a191dc47bf9c539ee10b01685) Importer(815301076,1909f56bfc062723c751e8b465ee728b)  -> (artifact id: '7cfb8d17ea4cc6ef39245b0188e757a0') in 0.023388 seconds
Number of updated asset objects reloaded before import = 0
Number of asset objects unloaded after import = 2
========================================================================
Received Import Request.
  Time since last request: 0.265344 seconds.
  path: Assets/DownloadedAssets/CartoonMilitaryModelPack/Textures/Chopper_Texture/Chopper_02_Texture.png
  artifactKey: Guid(763f195c9bbf44c64816c85ef838df79) Importer(815301076,1909f56bfc062723c751e8b465ee728b)
Start importing Assets/DownloadedAssets/CartoonMilitaryModelPack/Textures/Chopper_Texture/Chopper_02_Texture.png using Guid(763f195c9bbf44c64816c85ef838df79) Importer(815301076,1909f56bfc062723c751e8b465ee728b)  -> (artifact id: 'f9de619c1800f1cae0b81be05efed7c8') in 0.010819 seconds
Number of updated asset objects reloaded before import = 0
Number of asset objects unloaded after import = 2
========================================================================
Received Import Request.
  Time since last request: 2.612895 seconds.
  path: Assets/DownloadedAssets/CartoonMilitaryModelPack/Textures/WarShip_Texture/Corvett_01_Texture.png
  artifactKey: Guid(9ee20daf07b374d0f8d1b1a99910ed9f) Importer(815301076,1909f56bfc062723c751e8b465ee728b)
Start importing Assets/DownloadedAssets/CartoonMilitaryModelPack/Textures/WarShip_Texture/Corvett_01_Texture.png using Guid(9ee20daf07b374d0f8d1b1a99910ed9f) Importer(815301076,1909f56bfc062723c751e8b465ee728b)  -> (artifact id: '38732f03b764fd1161ba317a1699054e') in 0.014223 seconds
Number of updated asset objects reloaded before import = 0
Number of asset objects unloaded after import = 2
========================================================================
Received Import Request.
  Time since last request: 0.480997 seconds.
  path: Assets/DownloadedAssets/CartoonMilitaryModelPack/Textures/Building_Texture/Fence_01_Texture.png
  artifactKey: Guid(e7edfaad6ccbb439d9caec04ac7e4ab8) Importer(815301076,1909f56bfc062723c751e8b465ee728b)
Start importing Assets/DownloadedAssets/CartoonMilitaryModelPack/Textures/Building_Texture/Fence_01_Texture.png using Guid(e7edfaad6ccbb439d9caec04ac7e4ab8) Importer(815301076,1909f56bfc062723c751e8b465ee728b)  -> (artifact id: '08cd3a3d3677905dffdb663698ab8611') in 0.016356 seconds
Number of updated asset objects reloaded before import = 0
Number of asset objects unloaded after import = 2
========================================================================
Received Import Request.
  Time since last request: 0.804227 seconds.
  path: Assets/DownloadedAssets/WW2_German_soilders/Guns_prefab/Textures/FlammenWerfer.png
  artifactKey: Guid(70f693a65cd7f9d45981e755d2752cad) Importer(815301076,1909f56bfc062723c751e8b465ee728b)
Start importing Assets/DownloadedAssets/WW2_German_soilders/Guns_prefab/Textures/FlammenWerfer.png using Guid(70f693a65cd7f9d45981e755d2752cad) Importer(815301076,1909f56bfc062723c751e8b465ee728b)  -> (artifact id: '4d57ce8a10ba1ab728052688ebaad5be') in 0.010849 seconds
Number of updated asset objects reloaded before import = 0
Number of asset objects unloaded after import = 2
========================================================================
Received Import Request.
  Time since last request: 0.639535 seconds.
  path: Assets/DownloadedAssets/CartoonMilitaryModelPack/Textures/WarShip_Texture/HelicopterAircraftCarrier_01.png
  artifactKey: Guid(4571630cb1a734f3db809a0dac718928) Importer(815301076,1909f56bfc062723c751e8b465ee728b)
Start importing Assets/DownloadedAssets/CartoonMilitaryModelPack/Textures/WarShip_Texture/HelicopterAircraftCarrier_01.png using Guid(4571630cb1a734f3db809a0dac718928) Importer(815301076,1909f56bfc062723c751e8b465ee728b)  -> (artifact id: '5e4f5677ec50c29975ab7d169d50f4b6') in 0.008144 seconds
Number of updated asset objects reloaded before import = 0
Number of asset objects unloaded after import = 2
========================================================================
Received Import Request.
  Time since last request: 0.554355 seconds.
  path: Assets/DownloadedAssets/CartoonMilitaryModelPack/Textures/Other_Texture/HeliPad.png
  artifactKey: Guid(4de0d8f50045a45ffa96247d867442e6) Importer(815301076,1909f56bfc062723c751e8b465ee728b)
Start importing Assets/DownloadedAssets/CartoonMilitaryModelPack/Textures/Other_Texture/HeliPad.png using Guid(4de0d8f50045a45ffa96247d867442e6) Importer(815301076,1909f56bfc062723c751e8b465ee728b)  -> (artifact id: '53c5b7844201245e0eda217fb5970eea') in 0.015403 seconds
Number of updated asset objects reloaded before import = 0
Number of asset objects unloaded after import = 2
========================================================================
Received Import Request.
  Time since last request: 0.030508 seconds.
  path: Assets/DownloadedAssets/WW2_German_soilders/Soilders/FBX_soilders/Schutzstaffel_b/textures/Helmet_schutzstaffel.png
  artifactKey: Guid(d6765440b63920c4bb07a55bc4bdccb4) Importer(815301076,1909f56bfc062723c751e8b465ee728b)
Start importing Assets/DownloadedAssets/WW2_German_soilders/Soilders/FBX_soilders/Schutzstaffel_b/textures/Helmet_schutzstaffel.png using Guid(d6765440b63920c4bb07a55bc4bdccb4) Importer(815301076,1909f56bfc062723c751e8b465ee728b)  -> (artifact id: '86a7ae635c17323068d68c85791d8df0') in 0.021739 seconds
Number of updated asset objects reloaded before import = 0
Number of asset objects unloaded after import = 2
========================================================================
Received Import Request.
  Time since last request: 0.287968 seconds.
  path: Assets/DownloadedAssets/WW2_German_soilders/Soilders/FBX_soilders/Wehrmacht_A/textures/Helmet_Wehrmacht_A.png
  artifactKey: Guid(09d094a58828e3842ae9999876992b2d) Importer(815301076,1909f56bfc062723c751e8b465ee728b)
Start importing Assets/DownloadedAssets/WW2_German_soilders/Soilders/FBX_soilders/Wehrmacht_A/textures/Helmet_Wehrmacht_A.png using Guid(09d094a58828e3842ae9999876992b2d) Importer(815301076,1909f56bfc062723c751e8b465ee728b)  -> (artifact id: '8fb47b39d49bab703c70de10948034c9') in 0.010613 seconds
Number of updated asset objects reloaded before import = 0
Number of asset objects unloaded after import = 2
========================================================================
Received Import Request.
  Time since last request: 0.334509 seconds.
  path: Assets/DownloadedAssets/CartoonMilitaryModelPack/Textures/CustomParts/ICBM_01_Texture.png
  artifactKey: Guid(13c29b2888b5b4280a8fb0f43b39eaa3) Importer(815301076,1909f56bfc062723c751e8b465ee728b)
Start importing Assets/DownloadedAssets/CartoonMilitaryModelPack/Textures/CustomParts/ICBM_01_Texture.png using Guid(13c29b2888b5b4280a8fb0f43b39eaa3) Importer(815301076,1909f56bfc062723c751e8b465ee728b)  -> (artifact id: '007d0968a846212ed42c62a95f604181') in 0.009653 seconds
Number of updated asset objects reloaded before import = 0
Number of asset objects unloaded after import = 2
========================================================================
Received Import Request.
  Time since last request: 0.317302 seconds.
  path: Assets/DownloadedAssets/CartoonMilitaryModelPack/Textures/Jet_Texture/Jet_02_Texture.png
  artifactKey: Guid(ff33247a38f0149ae975390c96314288) Importer(815301076,1909f56bfc062723c751e8b465ee728b)
Start importing Assets/DownloadedAssets/CartoonMilitaryModelPack/Textures/Jet_Texture/Jet_02_Texture.png using Guid(ff33247a38f0149ae975390c96314288) Importer(815301076,1909f56bfc062723c751e8b465ee728b)  -> (artifact id: 'f22a472fc29cbb04e402e892b6dd074b') in 0.009498 seconds
Number of updated asset objects reloaded before import = 0
Number of asset objects unloaded after import = 2
========================================================================
Received Import Request.
  Time since last request: 0.423366 seconds.
  path: Assets/DownloadedAssets/CartoonMilitaryModelPack/Textures/Jet_Texture/Jet_04_Texture.png
  artifactKey: Guid(97a540bb7bf3c4286a64510307df7048) Importer(815301076,1909f56bfc062723c751e8b465ee728b)
Start importing Assets/DownloadedAssets/CartoonMilitaryModelPack/Textures/Jet_Texture/Jet_04_Texture.png using Guid(97a540bb7bf3c4286a64510307df7048) Importer(815301076,1909f56bfc062723c751e8b465ee728b)  -> (artifact id: '76d0e518e4313543b27d1f1c21a881f3') in 0.009357 seconds
Number of updated asset objects reloaded before import = 0
Number of asset objects unloaded after import = 2
========================================================================
Received Import Request.
  Time since last request: 0.140723 seconds.
  path: Assets/DownloadedAssets/CartoonMilitaryModelPack/Textures/Jet_Texture/Jet_06_Texture.png
  artifactKey: Guid(eaf5d63f3ebb54d07bcd205613501eb3) Importer(815301076,1909f56bfc062723c751e8b465ee728b)
Start importing Assets/DownloadedAssets/CartoonMilitaryModelPack/Textures/Jet_Texture/Jet_06_Texture.png using Guid(eaf5d63f3ebb54d07bcd205613501eb3) Importer(815301076,1909f56bfc062723c751e8b465ee728b)  -> (artifact id: '6ca1b42abac9850d5a5ce517d0664e25') in 0.010160 seconds
Number of updated asset objects reloaded before import = 0
Number of asset objects unloaded after import = 2
========================================================================
Received Import Request.
  Time since last request: 0.746812 seconds.
  path: Assets/DownloadedAssets/WW2_German_soilders/Guns_prefab/Textures/k98_texture.png
  artifactKey: Guid(aaed0ab4c397892428d9d8161119e525) Importer(815301076,1909f56bfc062723c751e8b465ee728b)
Start importing Assets/DownloadedAssets/WW2_German_soilders/Guns_prefab/Textures/k98_texture.png using Guid(aaed0ab4c397892428d9d8161119e525) Importer(815301076,1909f56bfc062723c751e8b465ee728b)  -> (artifact id: 'bffaf08f42f6d800948520131fa4b93c') in 0.008601 seconds
Number of updated asset objects reloaded before import = 0
Number of asset objects unloaded after import = 2
========================================================================
Received Import Request.
  Time since last request: 0.070895 seconds.
  path: Assets/DownloadedAssets/WW2_German_soilders/Demo_scene/Test_stuff_for_the_scene/leaf.png
  artifactKey: Guid(fa07cf48cfa4fcd46bc829668fa00c0d) Importer(815301076,1909f56bfc062723c751e8b465ee728b)
Start importing Assets/DownloadedAssets/WW2_German_soilders/Demo_scene/Test_stuff_for_the_scene/leaf.png using Guid(fa07cf48cfa4fcd46bc829668fa00c0d) Importer(815301076,1909f56bfc062723c751e8b465ee728b)  -> (artifact id: 'd121760ae256dda71fd96b3d9cef2d63') in 0.014667 seconds
Number of updated asset objects reloaded before import = 0
Number of asset objects unloaded after import = 2
========================================================================
Received Import Request.
  Time since last request: 1.281204 seconds.
  path: Assets/DownloadedAssets/Sayantan/Props/Small/CruiseMissile/Scenes/Demo_Night_Standard/Lightmap-0_comp_shadowmask.png
  artifactKey: Guid(7a83a5da223131b4e940584b9c82e5cf) Importer(815301076,1909f56bfc062723c751e8b465ee728b)
Start importing Assets/DownloadedAssets/Sayantan/Props/Small/CruiseMissile/Scenes/Demo_Night_Standard/Lightmap-0_comp_shadowmask.png using Guid(7a83a5da223131b4e940584b9c82e5cf) Importer(815301076,1909f56bfc062723c751e8b465ee728b)  -> (artifact id: 'd5a522e3125f044da17e6ca486449efb') in 0.030654 seconds
Number of updated asset objects reloaded before import = 0
Number of asset objects unloaded after import = 2
========================================================================
Received Import Request.
  Time since last request: 6.369486 seconds.
  path: Assets/DownloadedAssets/CartoonMilitaryModelPack/Textures/Building_Texture/LightTower_Texture.png
  artifactKey: Guid(e36cf3b9f7ae24bae90c2c01eead0c5b) Importer(815301076,1909f56bfc062723c751e8b465ee728b)
Start importing Assets/DownloadedAssets/CartoonMilitaryModelPack/Textures/Building_Texture/LightTower_Texture.png using Guid(e36cf3b9f7ae24bae90c2c01eead0c5b) Importer(815301076,1909f56bfc062723c751e8b465ee728b)  -> (artifact id: '36dcf3e0acfcb50c0e767c1e24efc152') in 0.029555 seconds
Number of updated asset objects reloaded before import = 0
Number of asset objects unloaded after import = 2
========================================================================
Received Import Request.
  Time since last request: 0.057906 seconds.
  path: Assets/DownloadedAssets/WW2_German_soilders/Guns_prefab/Textures/Luger_p08_texture.png
  artifactKey: Guid(8e27b718ba2fd96479a159fd94738868) Importer(815301076,1909f56bfc062723c751e8b465ee728b)
Start importing Assets/DownloadedAssets/WW2_German_soilders/Guns_prefab/Textures/Luger_p08_texture.png using Guid(8e27b718ba2fd96479a159fd94738868) Importer(815301076,1909f56bfc062723c751e8b465ee728b)  -> (artifact id: 'bbd5b6e0161a99fd943b192400c3d019') in 0.006185 seconds
Number of updated asset objects reloaded before import = 0
Number of asset objects unloaded after import = 2
========================================================================
Received Import Request.
  Time since last request: 9.790297 seconds.
  path: Assets/NewLayer 1.terrainlayer
  artifactKey: Guid(7e0f2db3678791642a169b0746e536ff) Importer(815301076,1909f56bfc062723c751e8b465ee728b)
Start importing Assets/NewLayer 1.terrainlayer using Guid(7e0f2db3678791642a169b0746e536ff) Importer(815301076,1909f56bfc062723c751e8b465ee728b)  -> (artifact id: '39f22794dff8fff5174fa1cdf67e422a') in 0.025248 seconds
Number of updated asset objects reloaded before import = 0
Number of asset objects unloaded after import = 2
========================================================================
Received Import Request.
  Time since last request: 4.902664 seconds.
  path: Assets/NewLayer.terrainlayer
  artifactKey: Guid(dd9a41fd9102b17428a5fcd53c8668b6) Importer(815301076,1909f56bfc062723c751e8b465ee728b)
Start importing Assets/NewLayer.terrainlayer using Guid(dd9a41fd9102b17428a5fcd53c8668b6) Importer(815301076,1909f56bfc062723c751e8b465ee728b)  -> (artifact id: '0182c2e34d005c8bedce4f8f9a43c57a') in 0.009856 seconds
Number of updated asset objects reloaded before import = 0
Number of asset objects unloaded after import = 2
========================================================================
Received Import Request.
  Time since last request: 86.605325 seconds.
  path: Assets/DownloadedAssets/Sayantan/Props/Small/CruiseMissile/Textures/Missile_basecolor.tga
  artifactKey: Guid(836d1fbdfeaf595428da7b4b4a98887f) Importer(815301076,1909f56bfc062723c751e8b465ee728b)
Start importing Assets/DownloadedAssets/Sayantan/Props/Small/CruiseMissile/Textures/Missile_basecolor.tga using Guid(836d1fbdfeaf595428da7b4b4a98887f) Importer(815301076,1909f56bfc062723c751e8b465ee728b)  -> (artifact id: '336ffb6f287e62884de96d4ee6fd23dc') in 0.017888 seconds
Number of updated asset objects reloaded before import = 0
Number of asset objects unloaded after import = 2
========================================================================
Received Import Request.
  Time since last request: 0.459319 seconds.
  path: Assets/DownloadedAssets/Sayantan/Props/Small/CruiseMissile/Textures/MissileOld_mask.tga
  artifactKey: Guid(52001a20cd92e0e47b2f2ae62df98bbf) Importer(815301076,1909f56bfc062723c751e8b465ee728b)
Start importing Assets/DownloadedAssets/Sayantan/Props/Small/CruiseMissile/Textures/MissileOld_mask.tga using Guid(52001a20cd92e0e47b2f2ae62df98bbf) Importer(815301076,1909f56bfc062723c751e8b465ee728b)  -> (artifact id: '5575f7d804d797aa0c66f64e7d36d536') in 0.017755 seconds
Number of updated asset objects reloaded before import = 0
Number of asset objects unloaded after import = 2
========================================================================
Received Import Request.
  Time since last request: 0.781599 seconds.
  path: Assets/DownloadedAssets/CartoonMilitaryModelPack/Textures/Building_Texture/MissilePort_Texture.png
  artifactKey: Guid(ce6b4bcc80b064261ab39db61d860411) Importer(815301076,1909f56bfc062723c751e8b465ee728b)
Start importing Assets/DownloadedAssets/CartoonMilitaryModelPack/Textures/Building_Texture/MissilePort_Texture.png using Guid(ce6b4bcc80b064261ab39db61d860411) Importer(815301076,1909f56bfc062723c751e8b465ee728b)  -> (artifact id: '389ba729686b67922a7fdaddfea58353') in 0.037398 seconds
Number of updated asset objects reloaded before import = 0
Number of asset objects unloaded after import = 2
========================================================================
Received Import Request.
  Time since last request: 0.000057 seconds.
  path: Assets/DownloadedAssets/Sayantan/Props/Small/CruiseMissile/Textures/MissileOld_basecolor.tga
  artifactKey: Guid(a715c6567dcd62b49a6d92bc21329f2b) Importer(815301076,1909f56bfc062723c751e8b465ee728b)
Start importing Assets/DownloadedAssets/Sayantan/Props/Small/CruiseMissile/Textures/MissileOld_basecolor.tga using Guid(a715c6567dcd62b49a6d92bc21329f2b) Importer(815301076,1909f56bfc062723c751e8b465ee728b)  -> (artifact id: '1dd5afd3f437cfe329e4f13a2d821ce6') in 0.033162 seconds
Number of updated asset objects reloaded before import = 0
Number of asset objects unloaded after import = 2
========================================================================
Received Import Request.
  Time since last request: 4.197043 seconds.
  path: Assets/DownloadedAssets/WW2_German_soilders/Soilders/FBX_soilders/Wehrmacht_C/textures/Wehrmacht_C_skin.png
  artifactKey: Guid(83f9269f79371c549ad7bac670345131) Importer(815301076,1909f56bfc062723c751e8b465ee728b)
Start importing Assets/DownloadedAssets/WW2_German_soilders/Soilders/FBX_soilders/Wehrmacht_C/textures/Wehrmacht_C_skin.png using Guid(83f9269f79371c549ad7bac670345131) Importer(815301076,1909f56bfc062723c751e8b465ee728b)  -> (artifact id: '97e993448b217877c1e274aac2778474') in 0.010342 seconds
Number of updated asset objects reloaded before import = 0
Number of asset objects unloaded after import = 2
========================================================================
Received Import Request.
  Time since last request: 0.122832 seconds.
  path: Assets/DownloadedAssets/WW2_German_soilders/Soilders/FBX_soilders/Wehrmacht_C/textures/Wehrmacht_C_hat.png
  artifactKey: Guid(ab3d6f6be049049479ef1104f301082e) Importer(815301076,1909f56bfc062723c751e8b465ee728b)
Start importing Assets/DownloadedAssets/WW2_German_soilders/Soilders/FBX_soilders/Wehrmacht_C/textures/Wehrmacht_C_hat.png using Guid(ab3d6f6be049049479ef1104f301082e) Importer(815301076,1909f56bfc062723c751e8b465ee728b)  -> (artifact id: 'bc2dacaf7dc0670723a95170882fb684') in 0.010502 seconds
Number of updated asset objects reloaded before import = 0
Number of asset objects unloaded after import = 2
========================================================================
Received Import Request.
  Time since last request: 0.679454 seconds.
  path: Assets/DownloadedAssets/WW2_German_soilders/Soilders/FBX_soilders/Wehrmacht_A/textures/Wehrmacht_A_skin.png
  artifactKey: Guid(8e98744344bddf34592b46a8a2833c5b) Importer(815301076,1909f56bfc062723c751e8b465ee728b)
Start importing Assets/DownloadedAssets/WW2_German_soilders/Soilders/FBX_soilders/Wehrmacht_A/textures/Wehrmacht_A_skin.png using Guid(8e98744344bddf34592b46a8a2833c5b) Importer(815301076,1909f56bfc062723c751e8b465ee728b)  -> (artifact id: 'e4646bb288d79fed56d42582b8896b2b') in 0.013772 seconds
Number of updated asset objects reloaded before import = 0
Number of asset objects unloaded after import = 2
========================================================================
Received Import Request.
  Time since last request: 1.851806 seconds.
  path: Assets/DownloadedAssets/WW2_German_soilders/Soilders/FBX_soilders/Wehrmacht_A/textures/Wehrmacht_A_jacket.png
  artifactKey: Guid(5429890ce07b1754f9b8b0757d266728) Importer(815301076,1909f56bfc062723c751e8b465ee728b)
Start importing Assets/DownloadedAssets/WW2_German_soilders/Soilders/FBX_soilders/Wehrmacht_A/textures/Wehrmacht_A_jacket.png using Guid(5429890ce07b1754f9b8b0757d266728) Importer(815301076,1909f56bfc062723c751e8b465ee728b)  -> (artifact id: '1ed919416257660853332b763d735440') in 0.007158 seconds
Number of updated asset objects reloaded before import = 0
Number of asset objects unloaded after import = 2
========================================================================
Received Import Request.
  Time since last request: 0.005925 seconds.
  path: Assets/DownloadedAssets/CartoonMilitaryModelPack/Textures/Building_Texture/VehicleHangar_02_Texture.png
  artifactKey: Guid(67ded72627ef745ee9365dca962cc6eb) Importer(815301076,1909f56bfc062723c751e8b465ee728b)
Start importing Assets/DownloadedAssets/CartoonMilitaryModelPack/Textures/Building_Texture/VehicleHangar_02_Texture.png using Guid(67ded72627ef745ee9365dca962cc6eb) Importer(815301076,1909f56bfc062723c751e8b465ee728b)  -> (artifact id: 'adc7eb81201c8ecce7c346e1f74287d6') in 0.008775 seconds
Number of updated asset objects reloaded before import = 0
Number of asset objects unloaded after import = 2
========================================================================
Received Import Request.
  Time since last request: 0.334429 seconds.
  path: Assets/DownloadedAssets/CartoonMilitaryModelPack/Textures/UAV_Texture/UAV_01_Texture.png
  artifactKey: Guid(600506f9f5fcf460a85c060d8ad557af) Importer(815301076,1909f56bfc062723c751e8b465ee728b)
Start importing Assets/DownloadedAssets/CartoonMilitaryModelPack/Textures/UAV_Texture/UAV_01_Texture.png using Guid(600506f9f5fcf460a85c060d8ad557af) Importer(815301076,1909f56bfc062723c751e8b465ee728b)  -> (artifact id: '51acd6686bdcee3bc9cc1e613643a2fc') in 0.018616 seconds
Number of updated asset objects reloaded before import = 0
Number of asset objects unloaded after import = 2
========================================================================
Received Import Request.
  Time since last request: 0.047104 seconds.
  path: Assets/DownloadedAssets/CartoonMilitaryModelPack/Textures/CustomParts/Turret_12_Texture.png
  artifactKey: Guid(dbc184b70fe1f304a81aaafa9d9a6cb0) Importer(815301076,1909f56bfc062723c751e8b465ee728b)
Start importing Assets/DownloadedAssets/CartoonMilitaryModelPack/Textures/CustomParts/Turret_12_Texture.png using Guid(dbc184b70fe1f304a81aaafa9d9a6cb0) Importer(815301076,1909f56bfc062723c751e8b465ee728b)  -> (artifact id: '2d887a4fe522f1e542a1f97202edc018') in 0.017315 seconds
Number of updated asset objects reloaded before import = 0
Number of asset objects unloaded after import = 2
========================================================================
Received Import Request.
  Time since last request: 2.272167 seconds.
  path: Assets/DownloadedAssets/CartoonMilitaryModelPack/Textures/CustomParts/Turret_09_Texture.png
  artifactKey: Guid(22f55a967cbae439a95094aab9b3099d) Importer(815301076,1909f56bfc062723c751e8b465ee728b)
Start importing Assets/DownloadedAssets/CartoonMilitaryModelPack/Textures/CustomParts/Turret_09_Texture.png using Guid(22f55a967cbae439a95094aab9b3099d) Importer(815301076,1909f56bfc062723c751e8b465ee728b)  -> (artifact id: '8bd5cfdcad571cef3c73d2a31db3bc4c') in 0.009030 seconds
Number of updated asset objects reloaded before import = 0
Number of asset objects unloaded after import = 2
========================================================================
Received Import Request.
  Time since last request: 0.299124 seconds.
  path: Assets/DownloadedAssets/CartoonMilitaryModelPack/Textures/CustomParts/Turret_07_Texture.png
  artifactKey: Guid(9059dafdfbdc04bdca72c86e3b17adf5) Importer(815301076,1909f56bfc062723c751e8b465ee728b)
Start importing Assets/DownloadedAssets/CartoonMilitaryModelPack/Textures/CustomParts/Turret_07_Texture.png using Guid(9059dafdfbdc04bdca72c86e3b17adf5) Importer(815301076,1909f56bfc062723c751e8b465ee728b)  -> (artifact id: '155f41f789ed6c68f784e1447262ae6e') in 0.010465 seconds
Number of updated asset objects reloaded before import = 0
Number of asset objects unloaded after import = 2
========================================================================
Received Import Request.
  Time since last request: 0.030606 seconds.
  path: Assets/DownloadedAssets/CartoonMilitaryModelPack/Textures/CustomParts/Turret_05_Texture.png
  artifactKey: Guid(7e4b7b088a98443a488e24fba5224a36) Importer(815301076,1909f56bfc062723c751e8b465ee728b)
Start importing Assets/DownloadedAssets/CartoonMilitaryModelPack/Textures/CustomParts/Turret_05_Texture.png using Guid(7e4b7b088a98443a488e24fba5224a36) Importer(815301076,1909f56bfc062723c751e8b465ee728b)  -> (artifact id: '757156d6469c10992aacac6d25a24ec0') in 0.008959 seconds
Number of updated asset objects reloaded before import = 0
Number of asset objects unloaded after import = 2
========================================================================
Received Import Request.
  Time since last request: 0.237073 seconds.
  path: Assets/DownloadedAssets/CartoonMilitaryModelPack/Textures/CustomParts/Turret_01_OtherBodyTexture.png
  artifactKey: Guid(07b7cafad2a1041579702ee1afcc2602) Importer(815301076,1909f56bfc062723c751e8b465ee728b)
Start importing Assets/DownloadedAssets/CartoonMilitaryModelPack/Textures/CustomParts/Turret_01_OtherBodyTexture.png using Guid(07b7cafad2a1041579702ee1afcc2602) Importer(815301076,1909f56bfc062723c751e8b465ee728b)  -> (artifact id: '0dfb444ba975f78f279c3e17a65f79f7') in 0.014526 seconds
Number of updated asset objects reloaded before import = 0
Number of asset objects unloaded after import = 2
========================================================================
Received Import Request.
  Time since last request: 0.590405 seconds.
  path: Assets/DownloadedAssets/WW2_German_soilders/Soilders/FBX_soilders/Wehrmacht_A/textures/Throusers_Wehrmacht_A.png
  artifactKey: Guid(ad059ba980a055f44a4dec9e28607eec) Importer(815301076,1909f56bfc062723c751e8b465ee728b)
Start importing Assets/DownloadedAssets/WW2_German_soilders/Soilders/FBX_soilders/Wehrmacht_A/textures/Throusers_Wehrmacht_A.png using Guid(ad059ba980a055f44a4dec9e28607eec) Importer(815301076,1909f56bfc062723c751e8b465ee728b)  -> (artifact id: '2003efd56d45aae59967a61d88de990a') in 0.007947 seconds
Number of updated asset objects reloaded before import = 0
Number of asset objects unloaded after import = 2
========================================================================
Received Import Request.
  Time since last request: 0.325548 seconds.
  path: Assets/DownloadedAssets/CartoonMilitaryModelPack/Textures/Tank_Texture/Tank_05_Texture.png
  artifactKey: Guid(2b8f7a65bb51e40329daf533b40778c2) Importer(815301076,1909f56bfc062723c751e8b465ee728b)
Start importing Assets/DownloadedAssets/CartoonMilitaryModelPack/Textures/Tank_Texture/Tank_05_Texture.png using Guid(2b8f7a65bb51e40329daf533b40778c2) Importer(815301076,1909f56bfc062723c751e8b465ee728b)  -> (artifact id: 'fb7278eed78d19e2bdb514588dff5212') in 0.010516 seconds
Number of updated asset objects reloaded before import = 0
Number of asset objects unloaded after import = 2
========================================================================
Received Import Request.
  Time since last request: 0.718791 seconds.
  path: Assets/DownloadedAssets/CartoonMilitaryModelPack/Textures/Tank_Texture/Tank_03_Texture.png
  artifactKey: Guid(910bc1b3608ac4aa792cccefbb0d0843) Importer(815301076,1909f56bfc062723c751e8b465ee728b)
Start importing Assets/DownloadedAssets/CartoonMilitaryModelPack/Textures/Tank_Texture/Tank_03_Texture.png using Guid(910bc1b3608ac4aa792cccefbb0d0843) Importer(815301076,1909f56bfc062723c751e8b465ee728b)  -> (artifact id: '25f7012004837c22cb474d13d22fd37d') in 0.011686 seconds
Number of updated asset objects reloaded before import = 0
Number of asset objects unloaded after import = 2
